<?xml version="1.0" encoding="UTF-8"?>
<testsuite xmlns:xsi="http://www.w3.org/2001/XMLSchema-instance" xsi:noNamespaceSchemaLocation="https://maven.apache.org/surefire/maven-surefire-plugin/xsd/surefire-test-report-3.0.xsd" version="3.0" name="com.example.posganize.repository.TrainingRepositoryTest" time="3.154" tests="4" errors="0" skipped="0" failures="0">
  <properties>
    <property name="java.specification.version" value="17"/>
    <property name="sun.cpu.isalist" value="amd64"/>
    <property name="sun.jnu.encoding" value="Cp1252"/>
    <property name="java.class.path" value="C:\Users\DzOnZi\Desktop\Posganize.be\target\test-classes;C:\Users\DzOnZi\Desktop\Posganize.be\target\classes;C:\Users\DzOnZi\.m2\repository\org\springframework\boot\spring-boot-starter-data-jpa\3.1.3\spring-boot-starter-data-jpa-3.1.3.jar;C:\Users\DzOnZi\.m2\repository\org\springframework\boot\spring-boot-starter-aop\3.1.3\spring-boot-starter-aop-3.1.3.jar;C:\Users\DzOnZi\.m2\repository\org\aspectj\aspectjweaver\1.9.20\aspectjweaver-1.9.20.jar;C:\Users\DzOnZi\.m2\repository\org\springframework\boot\spring-boot-starter-jdbc\3.1.3\spring-boot-starter-jdbc-3.1.3.jar;C:\Users\DzOnZi\.m2\repository\com\zaxxer\HikariCP\5.0.1\HikariCP-5.0.1.jar;C:\Users\DzOnZi\.m2\repository\org\springframework\spring-jdbc\6.0.11\spring-jdbc-6.0.11.jar;C:\Users\DzOnZi\.m2\repository\org\hibernate\orm\hibernate-core\6.2.7.Final\hibernate-core-6.2.7.Final.jar;C:\Users\DzOnZi\.m2\repository\jakarta\persistence\jakarta.persistence-api\3.1.0\jakarta.persistence-api-3.1.0.jar;C:\Users\DzOnZi\.m2\repository\jakarta\transaction\jakarta.transaction-api\2.0.1\jakarta.transaction-api-2.0.1.jar;C:\Users\DzOnZi\.m2\repository\org\jboss\logging\jboss-logging\3.5.3.Final\jboss-logging-3.5.3.Final.jar;C:\Users\DzOnZi\.m2\repository\org\hibernate\common\hibernate-commons-annotations\6.0.6.Final\hibernate-commons-annotations-6.0.6.Final.jar;C:\Users\DzOnZi\.m2\repository\io\smallrye\jandex\3.0.5\jandex-3.0.5.jar;C:\Users\DzOnZi\.m2\repository\com\fasterxml\classmate\1.5.1\classmate-1.5.1.jar;C:\Users\DzOnZi\.m2\repository\net\bytebuddy\byte-buddy\1.14.6\byte-buddy-1.14.6.jar;C:\Users\DzOnZi\.m2\repository\org\glassfish\jaxb\jaxb-runtime\4.0.3\jaxb-runtime-4.0.3.jar;C:\Users\DzOnZi\.m2\repository\org\glassfish\jaxb\jaxb-core\4.0.3\jaxb-core-4.0.3.jar;C:\Users\DzOnZi\.m2\repository\org\eclipse\angus\angus-activation\2.0.1\angus-activation-2.0.1.jar;C:\Users\DzOnZi\.m2\repository\org\glassfish\jaxb\txw2\4.0.3\txw2-4.0.3.jar;C:\Users\DzOnZi\.m2\repository\com\sun\istack\istack-commons-runtime\4.1.2\istack-commons-runtime-4.1.2.jar;C:\Users\DzOnZi\.m2\repository\jakarta\inject\jakarta.inject-api\2.0.1\jakarta.inject-api-2.0.1.jar;C:\Users\DzOnZi\.m2\repository\org\antlr\antlr4-runtime\4.10.1\antlr4-runtime-4.10.1.jar;C:\Users\DzOnZi\.m2\repository\org\springframework\data\spring-data-jpa\3.1.3\spring-data-jpa-3.1.3.jar;C:\Users\DzOnZi\.m2\repository\org\springframework\data\spring-data-commons\3.1.3\spring-data-commons-3.1.3.jar;C:\Users\DzOnZi\.m2\repository\org\springframework\spring-orm\6.0.11\spring-orm-6.0.11.jar;C:\Users\DzOnZi\.m2\repository\org\springframework\spring-context\6.0.11\spring-context-6.0.11.jar;C:\Users\DzOnZi\.m2\repository\org\springframework\spring-tx\6.0.11\spring-tx-6.0.11.jar;C:\Users\DzOnZi\.m2\repository\org\springframework\spring-beans\6.0.11\spring-beans-6.0.11.jar;C:\Users\DzOnZi\.m2\repository\jakarta\annotation\jakarta.annotation-api\2.1.1\jakarta.annotation-api-2.1.1.jar;C:\Users\DzOnZi\.m2\repository\org\slf4j\slf4j-api\2.0.7\slf4j-api-2.0.7.jar;C:\Users\DzOnZi\.m2\repository\org\springframework\spring-aspects\6.0.11\spring-aspects-6.0.11.jar;C:\Users\DzOnZi\.m2\repository\org\springframework\boot\spring-boot-starter-security\3.1.3\spring-boot-starter-security-3.1.3.jar;C:\Users\DzOnZi\.m2\repository\org\springframework\boot\spring-boot-starter\3.1.3\spring-boot-starter-3.1.3.jar;C:\Users\DzOnZi\.m2\repository\org\springframework\boot\spring-boot\3.1.3\spring-boot-3.1.3.jar;C:\Users\DzOnZi\.m2\repository\org\springframework\boot\spring-boot-autoconfigure\3.1.3\spring-boot-autoconfigure-3.1.3.jar;C:\Users\DzOnZi\.m2\repository\org\springframework\boot\spring-boot-starter-logging\3.1.3\spring-boot-starter-logging-3.1.3.jar;C:\Users\DzOnZi\.m2\repository\ch\qos\logback\logback-classic\1.4.11\logback-classic-1.4.11.jar;C:\Users\DzOnZi\.m2\repository\ch\qos\logback\logback-core\1.4.11\logback-core-1.4.11.jar;C:\Users\DzOnZi\.m2\repository\org\apache\logging\log4j\log4j-to-slf4j\2.20.0\log4j-to-slf4j-2.20.0.jar;C:\Users\DzOnZi\.m2\repository\org\apache\logging\log4j\log4j-api\2.20.0\log4j-api-2.20.0.jar;C:\Users\DzOnZi\.m2\repository\org\slf4j\jul-to-slf4j\2.0.7\jul-to-slf4j-2.0.7.jar;C:\Users\DzOnZi\.m2\repository\org\yaml\snakeyaml\1.33\snakeyaml-1.33.jar;C:\Users\DzOnZi\.m2\repository\org\springframework\spring-aop\6.0.11\spring-aop-6.0.11.jar;C:\Users\DzOnZi\.m2\repository\org\springframework\security\spring-security-config\6.1.3\spring-security-config-6.1.3.jar;C:\Users\DzOnZi\.m2\repository\org\springframework\security\spring-security-web\6.1.3\spring-security-web-6.1.3.jar;C:\Users\DzOnZi\.m2\repository\org\springframework\spring-expression\6.0.11\spring-expression-6.0.11.jar;C:\Users\DzOnZi\.m2\repository\org\springframework\boot\spring-boot-starter-web\3.1.3\spring-boot-starter-web-3.1.3.jar;C:\Users\DzOnZi\.m2\repository\org\springframework\boot\spring-boot-starter-json\3.1.3\spring-boot-starter-json-3.1.3.jar;C:\Users\DzOnZi\.m2\repository\com\fasterxml\jackson\datatype\jackson-datatype-jdk8\2.15.2\jackson-datatype-jdk8-2.15.2.jar;C:\Users\DzOnZi\.m2\repository\com\fasterxml\jackson\datatype\jackson-datatype-jsr310\2.15.2\jackson-datatype-jsr310-2.15.2.jar;C:\Users\DzOnZi\.m2\repository\com\fasterxml\jackson\module\jackson-module-parameter-names\2.15.2\jackson-module-parameter-names-2.15.2.jar;C:\Users\DzOnZi\.m2\repository\org\springframework\boot\spring-boot-starter-tomcat\3.1.3\spring-boot-starter-tomcat-3.1.3.jar;C:\Users\DzOnZi\.m2\repository\org\apache\tomcat\embed\tomcat-embed-core\10.1.12\tomcat-embed-core-10.1.12.jar;C:\Users\DzOnZi\.m2\repository\org\apache\tomcat\embed\tomcat-embed-websocket\10.1.12\tomcat-embed-websocket-10.1.12.jar;C:\Users\DzOnZi\.m2\repository\org\springframework\spring-web\6.0.11\spring-web-6.0.11.jar;C:\Users\DzOnZi\.m2\repository\io\micrometer\micrometer-observation\1.11.3\micrometer-observation-1.11.3.jar;C:\Users\DzOnZi\.m2\repository\io\micrometer\micrometer-commons\1.11.3\micrometer-commons-1.11.3.jar;C:\Users\DzOnZi\.m2\repository\org\springframework\spring-webmvc\6.0.11\spring-webmvc-6.0.11.jar;C:\Users\DzOnZi\.m2\repository\com\stripe\stripe-java\24.9.0\stripe-java-24.9.0.jar;C:\Users\DzOnZi\.m2\repository\com\google\code\gson\gson\2.10.1\gson-2.10.1.jar;C:\Users\DzOnZi\.m2\repository\com\google\zxing\core\3.4.1\core-3.4.1.jar;C:\Users\DzOnZi\.m2\repository\org\springframework\boot\spring-boot-starter-validation\3.1.3\spring-boot-starter-validation-3.1.3.jar;C:\Users\DzOnZi\.m2\repository\org\apache\tomcat\embed\tomcat-embed-el\10.1.12\tomcat-embed-el-10.1.12.jar;C:\Users\DzOnZi\.m2\repository\org\hibernate\validator\hibernate-validator\8.0.1.Final\hibernate-validator-8.0.1.Final.jar;C:\Users\DzOnZi\.m2\repository\jakarta\validation\jakarta.validation-api\3.0.2\jakarta.validation-api-3.0.2.jar;C:\Users\DzOnZi\.m2\repository\com\mysql\mysql-connector-j\8.0.33\mysql-connector-j-8.0.33.jar;C:\Users\DzOnZi\.m2\repository\com\google\zxing\javase\3.4.1\javase-3.4.1.jar;C:\Users\DzOnZi\.m2\repository\com\beust\jcommander\1.78\jcommander-1.78.jar;C:\Users\DzOnZi\.m2\repository\com\github\jai-imageio\jai-imageio-core\1.4.0\jai-imageio-core-1.4.0.jar;C:\Users\DzOnZi\.m2\repository\org\projectlombok\lombok\1.18.28\lombok-1.18.28.jar;C:\Users\DzOnZi\.m2\repository\org\springframework\boot\spring-boot-starter-test\3.1.3\spring-boot-starter-test-3.1.3.jar;C:\Users\DzOnZi\.m2\repository\org\springframework\boot\spring-boot-test\3.1.3\spring-boot-test-3.1.3.jar;C:\Users\DzOnZi\.m2\repository\org\springframework\boot\spring-boot-test-autoconfigure\3.1.3\spring-boot-test-autoconfigure-3.1.3.jar;C:\Users\DzOnZi\.m2\repository\com\jayway\jsonpath\json-path\2.8.0\json-path-2.8.0.jar;C:\Users\DzOnZi\.m2\repository\jakarta\xml\bind\jakarta.xml.bind-api\4.0.0\jakarta.xml.bind-api-4.0.0.jar;C:\Users\DzOnZi\.m2\repository\jakarta\activation\jakarta.activation-api\2.1.2\jakarta.activation-api-2.1.2.jar;C:\Users\DzOnZi\.m2\repository\net\minidev\json-smart\2.4.11\json-smart-2.4.11.jar;C:\Users\DzOnZi\.m2\repository\net\minidev\accessors-smart\2.4.11\accessors-smart-2.4.11.jar;C:\Users\DzOnZi\.m2\repository\org\ow2\asm\asm\9.3\asm-9.3.jar;C:\Users\DzOnZi\.m2\repository\org\assertj\assertj-core\3.24.2\assertj-core-3.24.2.jar;C:\Users\DzOnZi\.m2\repository\org\hamcrest\hamcrest\2.2\hamcrest-2.2.jar;C:\Users\DzOnZi\.m2\repository\org\junit\jupiter\junit-jupiter\5.9.3\junit-jupiter-5.9.3.jar;C:\Users\DzOnZi\.m2\repository\org\junit\jupiter\junit-jupiter-params\5.9.3\junit-jupiter-params-5.9.3.jar;C:\Users\DzOnZi\.m2\repository\org\junit\jupiter\junit-jupiter-engine\5.9.3\junit-jupiter-engine-5.9.3.jar;C:\Users\DzOnZi\.m2\repository\org\junit\platform\junit-platform-engine\1.9.3\junit-platform-engine-1.9.3.jar;C:\Users\DzOnZi\.m2\repository\org\mockito\mockito-core\5.3.1\mockito-core-5.3.1.jar;C:\Users\DzOnZi\.m2\repository\net\bytebuddy\byte-buddy-agent\1.14.6\byte-buddy-agent-1.14.6.jar;C:\Users\DzOnZi\.m2\repository\org\objenesis\objenesis\3.3\objenesis-3.3.jar;C:\Users\DzOnZi\.m2\repository\org\mockito\mockito-junit-jupiter\5.3.1\mockito-junit-jupiter-5.3.1.jar;C:\Users\DzOnZi\.m2\repository\org\skyscreamer\jsonassert\1.5.1\jsonassert-1.5.1.jar;C:\Users\DzOnZi\.m2\repository\com\vaadin\external\google\android-json\0.0.20131108.vaadin1\android-json-0.0.20131108.vaadin1.jar;C:\Users\DzOnZi\.m2\repository\org\springframework\spring-core\6.0.11\spring-core-6.0.11.jar;C:\Users\DzOnZi\.m2\repository\org\springframework\spring-jcl\6.0.11\spring-jcl-6.0.11.jar;C:\Users\DzOnZi\.m2\repository\org\springframework\spring-test\6.0.11\spring-test-6.0.11.jar;C:\Users\DzOnZi\.m2\repository\org\xmlunit\xmlunit-core\2.9.1\xmlunit-core-2.9.1.jar;C:\Users\DzOnZi\.m2\repository\org\springframework\security\spring-security-test\6.1.3\spring-security-test-6.1.3.jar;C:\Users\DzOnZi\.m2\repository\org\springframework\security\spring-security-core\6.1.3\spring-security-core-6.1.3.jar;C:\Users\DzOnZi\.m2\repository\org\springframework\security\spring-security-crypto\6.1.3\spring-security-crypto-6.1.3.jar;C:\Users\DzOnZi\.m2\repository\io\jsonwebtoken\jjwt-api\0.11.5\jjwt-api-0.11.5.jar;C:\Users\DzOnZi\.m2\repository\io\jsonwebtoken\jjwt-impl\0.11.5\jjwt-impl-0.11.5.jar;C:\Users\DzOnZi\.m2\repository\io\jsonwebtoken\jjwt-jackson\0.11.5\jjwt-jackson-0.11.5.jar;C:\Users\DzOnZi\.m2\repository\com\fasterxml\jackson\core\jackson-databind\2.15.2\jackson-databind-2.15.2.jar;C:\Users\DzOnZi\.m2\repository\com\fasterxml\jackson\core\jackson-annotations\2.15.2\jackson-annotations-2.15.2.jar;C:\Users\DzOnZi\.m2\repository\com\fasterxml\jackson\core\jackson-core\2.15.2\jackson-core-2.15.2.jar;C:\Users\DzOnZi\.m2\repository\org\junit\jupiter\junit-jupiter-api\5.10.0\junit-jupiter-api-5.10.0.jar;C:\Users\DzOnZi\.m2\repository\org\opentest4j\opentest4j\1.3.0\opentest4j-1.3.0.jar;C:\Users\DzOnZi\.m2\repository\org\junit\platform\junit-platform-commons\1.9.3\junit-platform-commons-1.9.3.jar;C:\Users\DzOnZi\.m2\repository\org\apiguardian\apiguardian-api\1.1.2\apiguardian-api-1.1.2.jar;C:\Users\DzOnZi\.m2\repository\com\h2database\h2\2.2.224\h2-2.2.224.jar;"/>
    <property name="java.vm.vendor" value="Amazon.com Inc."/>
    <property name="sun.arch.data.model" value="64"/>
    <property name="user.variant" value=""/>
    <property name="java.vendor.url" value="https://aws.amazon.com/corretto/"/>
    <property name="user.timezone" value="Europe/Belgrade"/>
    <property name="org.jboss.logging.provider" value="slf4j"/>
    <property name="os.name" value="Windows 10"/>
    <property name="java.vm.specification.version" value="17"/>
    <property name="sun.java.launcher" value="SUN_STANDARD"/>
    <property name="user.country" value="US"/>
    <property name="sun.boot.library.path" value="C:\Users\DzOnZi\.jdks\corretto-17.0.7\bin"/>
    <property name="sun.java.command" value="C:\Users\DzOnZi\AppData\Local\Temp\surefire1108590813862422643\surefirebooter-20240104153647340_3.jar C:\Users\DzOnZi\AppData\Local\Temp\surefire1108590813862422643 2024-01-04T15-36-46_350-jvmRun1 surefire-20240104153647340_1tmp surefire_0-20240104153647340_2tmp"/>
    <property name="jdk.debug" value="release"/>
    <property name="surefire.test.class.path" value="C:\Users\DzOnZi\Desktop\Posganize.be\target\test-classes;C:\Users\DzOnZi\Desktop\Posganize.be\target\classes;C:\Users\DzOnZi\.m2\repository\org\springframework\boot\spring-boot-starter-data-jpa\3.1.3\spring-boot-starter-data-jpa-3.1.3.jar;C:\Users\DzOnZi\.m2\repository\org\springframework\boot\spring-boot-starter-aop\3.1.3\spring-boot-starter-aop-3.1.3.jar;C:\Users\DzOnZi\.m2\repository\org\aspectj\aspectjweaver\1.9.20\aspectjweaver-1.9.20.jar;C:\Users\DzOnZi\.m2\repository\org\springframework\boot\spring-boot-starter-jdbc\3.1.3\spring-boot-starter-jdbc-3.1.3.jar;C:\Users\DzOnZi\.m2\repository\com\zaxxer\HikariCP\5.0.1\HikariCP-5.0.1.jar;C:\Users\DzOnZi\.m2\repository\org\springframework\spring-jdbc\6.0.11\spring-jdbc-6.0.11.jar;C:\Users\DzOnZi\.m2\repository\org\hibernate\orm\hibernate-core\6.2.7.Final\hibernate-core-6.2.7.Final.jar;C:\Users\DzOnZi\.m2\repository\jakarta\persistence\jakarta.persistence-api\3.1.0\jakarta.persistence-api-3.1.0.jar;C:\Users\DzOnZi\.m2\repository\jakarta\transaction\jakarta.transaction-api\2.0.1\jakarta.transaction-api-2.0.1.jar;C:\Users\DzOnZi\.m2\repository\org\jboss\logging\jboss-logging\3.5.3.Final\jboss-logging-3.5.3.Final.jar;C:\Users\DzOnZi\.m2\repository\org\hibernate\common\hibernate-commons-annotations\6.0.6.Final\hibernate-commons-annotations-6.0.6.Final.jar;C:\Users\DzOnZi\.m2\repository\io\smallrye\jandex\3.0.5\jandex-3.0.5.jar;C:\Users\DzOnZi\.m2\repository\com\fasterxml\classmate\1.5.1\classmate-1.5.1.jar;C:\Users\DzOnZi\.m2\repository\net\bytebuddy\byte-buddy\1.14.6\byte-buddy-1.14.6.jar;C:\Users\DzOnZi\.m2\repository\org\glassfish\jaxb\jaxb-runtime\4.0.3\jaxb-runtime-4.0.3.jar;C:\Users\DzOnZi\.m2\repository\org\glassfish\jaxb\jaxb-core\4.0.3\jaxb-core-4.0.3.jar;C:\Users\DzOnZi\.m2\repository\org\eclipse\angus\angus-activation\2.0.1\angus-activation-2.0.1.jar;C:\Users\DzOnZi\.m2\repository\org\glassfish\jaxb\txw2\4.0.3\txw2-4.0.3.jar;C:\Users\DzOnZi\.m2\repository\com\sun\istack\istack-commons-runtime\4.1.2\istack-commons-runtime-4.1.2.jar;C:\Users\DzOnZi\.m2\repository\jakarta\inject\jakarta.inject-api\2.0.1\jakarta.inject-api-2.0.1.jar;C:\Users\DzOnZi\.m2\repository\org\antlr\antlr4-runtime\4.10.1\antlr4-runtime-4.10.1.jar;C:\Users\DzOnZi\.m2\repository\org\springframework\data\spring-data-jpa\3.1.3\spring-data-jpa-3.1.3.jar;C:\Users\DzOnZi\.m2\repository\org\springframework\data\spring-data-commons\3.1.3\spring-data-commons-3.1.3.jar;C:\Users\DzOnZi\.m2\repository\org\springframework\spring-orm\6.0.11\spring-orm-6.0.11.jar;C:\Users\DzOnZi\.m2\repository\org\springframework\spring-context\6.0.11\spring-context-6.0.11.jar;C:\Users\DzOnZi\.m2\repository\org\springframework\spring-tx\6.0.11\spring-tx-6.0.11.jar;C:\Users\DzOnZi\.m2\repository\org\springframework\spring-beans\6.0.11\spring-beans-6.0.11.jar;C:\Users\DzOnZi\.m2\repository\jakarta\annotation\jakarta.annotation-api\2.1.1\jakarta.annotation-api-2.1.1.jar;C:\Users\DzOnZi\.m2\repository\org\slf4j\slf4j-api\2.0.7\slf4j-api-2.0.7.jar;C:\Users\DzOnZi\.m2\repository\org\springframework\spring-aspects\6.0.11\spring-aspects-6.0.11.jar;C:\Users\DzOnZi\.m2\repository\org\springframework\boot\spring-boot-starter-security\3.1.3\spring-boot-starter-security-3.1.3.jar;C:\Users\DzOnZi\.m2\repository\org\springframework\boot\spring-boot-starter\3.1.3\spring-boot-starter-3.1.3.jar;C:\Users\DzOnZi\.m2\repository\org\springframework\boot\spring-boot\3.1.3\spring-boot-3.1.3.jar;C:\Users\DzOnZi\.m2\repository\org\springframework\boot\spring-boot-autoconfigure\3.1.3\spring-boot-autoconfigure-3.1.3.jar;C:\Users\DzOnZi\.m2\repository\org\springframework\boot\spring-boot-starter-logging\3.1.3\spring-boot-starter-logging-3.1.3.jar;C:\Users\DzOnZi\.m2\repository\ch\qos\logback\logback-classic\1.4.11\logback-classic-1.4.11.jar;C:\Users\DzOnZi\.m2\repository\ch\qos\logback\logback-core\1.4.11\logback-core-1.4.11.jar;C:\Users\DzOnZi\.m2\repository\org\apache\logging\log4j\log4j-to-slf4j\2.20.0\log4j-to-slf4j-2.20.0.jar;C:\Users\DzOnZi\.m2\repository\org\apache\logging\log4j\log4j-api\2.20.0\log4j-api-2.20.0.jar;C:\Users\DzOnZi\.m2\repository\org\slf4j\jul-to-slf4j\2.0.7\jul-to-slf4j-2.0.7.jar;C:\Users\DzOnZi\.m2\repository\org\yaml\snakeyaml\1.33\snakeyaml-1.33.jar;C:\Users\DzOnZi\.m2\repository\org\springframework\spring-aop\6.0.11\spring-aop-6.0.11.jar;C:\Users\DzOnZi\.m2\repository\org\springframework\security\spring-security-config\6.1.3\spring-security-config-6.1.3.jar;C:\Users\DzOnZi\.m2\repository\org\springframework\security\spring-security-web\6.1.3\spring-security-web-6.1.3.jar;C:\Users\DzOnZi\.m2\repository\org\springframework\spring-expression\6.0.11\spring-expression-6.0.11.jar;C:\Users\DzOnZi\.m2\repository\org\springframework\boot\spring-boot-starter-web\3.1.3\spring-boot-starter-web-3.1.3.jar;C:\Users\DzOnZi\.m2\repository\org\springframework\boot\spring-boot-starter-json\3.1.3\spring-boot-starter-json-3.1.3.jar;C:\Users\DzOnZi\.m2\repository\com\fasterxml\jackson\datatype\jackson-datatype-jdk8\2.15.2\jackson-datatype-jdk8-2.15.2.jar;C:\Users\DzOnZi\.m2\repository\com\fasterxml\jackson\datatype\jackson-datatype-jsr310\2.15.2\jackson-datatype-jsr310-2.15.2.jar;C:\Users\DzOnZi\.m2\repository\com\fasterxml\jackson\module\jackson-module-parameter-names\2.15.2\jackson-module-parameter-names-2.15.2.jar;C:\Users\DzOnZi\.m2\repository\org\springframework\boot\spring-boot-starter-tomcat\3.1.3\spring-boot-starter-tomcat-3.1.3.jar;C:\Users\DzOnZi\.m2\repository\org\apache\tomcat\embed\tomcat-embed-core\10.1.12\tomcat-embed-core-10.1.12.jar;C:\Users\DzOnZi\.m2\repository\org\apache\tomcat\embed\tomcat-embed-websocket\10.1.12\tomcat-embed-websocket-10.1.12.jar;C:\Users\DzOnZi\.m2\repository\org\springframework\spring-web\6.0.11\spring-web-6.0.11.jar;C:\Users\DzOnZi\.m2\repository\io\micrometer\micrometer-observation\1.11.3\micrometer-observation-1.11.3.jar;C:\Users\DzOnZi\.m2\repository\io\micrometer\micrometer-commons\1.11.3\micrometer-commons-1.11.3.jar;C:\Users\DzOnZi\.m2\repository\org\springframework\spring-webmvc\6.0.11\spring-webmvc-6.0.11.jar;C:\Users\DzOnZi\.m2\repository\com\stripe\stripe-java\24.9.0\stripe-java-24.9.0.jar;C:\Users\DzOnZi\.m2\repository\com\google\code\gson\gson\2.10.1\gson-2.10.1.jar;C:\Users\DzOnZi\.m2\repository\com\google\zxing\core\3.4.1\core-3.4.1.jar;C:\Users\DzOnZi\.m2\repository\org\springframework\boot\spring-boot-starter-validation\3.1.3\spring-boot-starter-validation-3.1.3.jar;C:\Users\DzOnZi\.m2\repository\org\apache\tomcat\embed\tomcat-embed-el\10.1.12\tomcat-embed-el-10.1.12.jar;C:\Users\DzOnZi\.m2\repository\org\hibernate\validator\hibernate-validator\8.0.1.Final\hibernate-validator-8.0.1.Final.jar;C:\Users\DzOnZi\.m2\repository\jakarta\validation\jakarta.validation-api\3.0.2\jakarta.validation-api-3.0.2.jar;C:\Users\DzOnZi\.m2\repository\com\mysql\mysql-connector-j\8.0.33\mysql-connector-j-8.0.33.jar;C:\Users\DzOnZi\.m2\repository\com\google\zxing\javase\3.4.1\javase-3.4.1.jar;C:\Users\DzOnZi\.m2\repository\com\beust\jcommander\1.78\jcommander-1.78.jar;C:\Users\DzOnZi\.m2\repository\com\github\jai-imageio\jai-imageio-core\1.4.0\jai-imageio-core-1.4.0.jar;C:\Users\DzOnZi\.m2\repository\org\projectlombok\lombok\1.18.28\lombok-1.18.28.jar;C:\Users\DzOnZi\.m2\repository\org\springframework\boot\spring-boot-starter-test\3.1.3\spring-boot-starter-test-3.1.3.jar;C:\Users\DzOnZi\.m2\repository\org\springframework\boot\spring-boot-test\3.1.3\spring-boot-test-3.1.3.jar;C:\Users\DzOnZi\.m2\repository\org\springframework\boot\spring-boot-test-autoconfigure\3.1.3\spring-boot-test-autoconfigure-3.1.3.jar;C:\Users\DzOnZi\.m2\repository\com\jayway\jsonpath\json-path\2.8.0\json-path-2.8.0.jar;C:\Users\DzOnZi\.m2\repository\jakarta\xml\bind\jakarta.xml.bind-api\4.0.0\jakarta.xml.bind-api-4.0.0.jar;C:\Users\DzOnZi\.m2\repository\jakarta\activation\jakarta.activation-api\2.1.2\jakarta.activation-api-2.1.2.jar;C:\Users\DzOnZi\.m2\repository\net\minidev\json-smart\2.4.11\json-smart-2.4.11.jar;C:\Users\DzOnZi\.m2\repository\net\minidev\accessors-smart\2.4.11\accessors-smart-2.4.11.jar;C:\Users\DzOnZi\.m2\repository\org\ow2\asm\asm\9.3\asm-9.3.jar;C:\Users\DzOnZi\.m2\repository\org\assertj\assertj-core\3.24.2\assertj-core-3.24.2.jar;C:\Users\DzOnZi\.m2\repository\org\hamcrest\hamcrest\2.2\hamcrest-2.2.jar;C:\Users\DzOnZi\.m2\repository\org\junit\jupiter\junit-jupiter\5.9.3\junit-jupiter-5.9.3.jar;C:\Users\DzOnZi\.m2\repository\org\junit\jupiter\junit-jupiter-params\5.9.3\junit-jupiter-params-5.9.3.jar;C:\Users\DzOnZi\.m2\repository\org\junit\jupiter\junit-jupiter-engine\5.9.3\junit-jupiter-engine-5.9.3.jar;C:\Users\DzOnZi\.m2\repository\org\junit\platform\junit-platform-engine\1.9.3\junit-platform-engine-1.9.3.jar;C:\Users\DzOnZi\.m2\repository\org\mockito\mockito-core\5.3.1\mockito-core-5.3.1.jar;C:\Users\DzOnZi\.m2\repository\net\bytebuddy\byte-buddy-agent\1.14.6\byte-buddy-agent-1.14.6.jar;C:\Users\DzOnZi\.m2\repository\org\objenesis\objenesis\3.3\objenesis-3.3.jar;C:\Users\DzOnZi\.m2\repository\org\mockito\mockito-junit-jupiter\5.3.1\mockito-junit-jupiter-5.3.1.jar;C:\Users\DzOnZi\.m2\repository\org\skyscreamer\jsonassert\1.5.1\jsonassert-1.5.1.jar;C:\Users\DzOnZi\.m2\repository\com\vaadin\external\google\android-json\0.0.20131108.vaadin1\android-json-0.0.20131108.vaadin1.jar;C:\Users\DzOnZi\.m2\repository\org\springframework\spring-core\6.0.11\spring-core-6.0.11.jar;C:\Users\DzOnZi\.m2\repository\org\springframework\spring-jcl\6.0.11\spring-jcl-6.0.11.jar;C:\Users\DzOnZi\.m2\repository\org\springframework\spring-test\6.0.11\spring-test-6.0.11.jar;C:\Users\DzOnZi\.m2\repository\org\xmlunit\xmlunit-core\2.9.1\xmlunit-core-2.9.1.jar;C:\Users\DzOnZi\.m2\repository\org\springframework\security\spring-security-test\6.1.3\spring-security-test-6.1.3.jar;C:\Users\DzOnZi\.m2\repository\org\springframework\security\spring-security-core\6.1.3\spring-security-core-6.1.3.jar;C:\Users\DzOnZi\.m2\repository\org\springframework\security\spring-security-crypto\6.1.3\spring-security-crypto-6.1.3.jar;C:\Users\DzOnZi\.m2\repository\io\jsonwebtoken\jjwt-api\0.11.5\jjwt-api-0.11.5.jar;C:\Users\DzOnZi\.m2\repository\io\jsonwebtoken\jjwt-impl\0.11.5\jjwt-impl-0.11.5.jar;C:\Users\DzOnZi\.m2\repository\io\jsonwebtoken\jjwt-jackson\0.11.5\jjwt-jackson-0.11.5.jar;C:\Users\DzOnZi\.m2\repository\com\fasterxml\jackson\core\jackson-databind\2.15.2\jackson-databind-2.15.2.jar;C:\Users\DzOnZi\.m2\repository\com\fasterxml\jackson\core\jackson-annotations\2.15.2\jackson-annotations-2.15.2.jar;C:\Users\DzOnZi\.m2\repository\com\fasterxml\jackson\core\jackson-core\2.15.2\jackson-core-2.15.2.jar;C:\Users\DzOnZi\.m2\repository\org\junit\jupiter\junit-jupiter-api\5.10.0\junit-jupiter-api-5.10.0.jar;C:\Users\DzOnZi\.m2\repository\org\opentest4j\opentest4j\1.3.0\opentest4j-1.3.0.jar;C:\Users\DzOnZi\.m2\repository\org\junit\platform\junit-platform-commons\1.9.3\junit-platform-commons-1.9.3.jar;C:\Users\DzOnZi\.m2\repository\org\apiguardian\apiguardian-api\1.1.2\apiguardian-api-1.1.2.jar;C:\Users\DzOnZi\.m2\repository\com\h2database\h2\2.2.224\h2-2.2.224.jar;"/>
    <property name="sun.cpu.endian" value="little"/>
    <property name="user.home" value="C:\Users\DzOnZi"/>
    <property name="user.language" value="en"/>
    <property name="java.specification.vendor" value="Oracle Corporation"/>
    <property name="java.version.date" value="2023-04-18"/>
    <property name="java.home" value="C:\Users\DzOnZi\.jdks\corretto-17.0.7"/>
    <property name="file.separator" value="\"/>
    <property name="basedir" value="C:\Users\DzOnZi\Desktop\Posganize.be"/>
    <property name="java.vm.compressedOopsMode" value="Zero based"/>
    <property name="line.separator" value="&#10;"/>
    <property name="java.vm.specification.vendor" value="Oracle Corporation"/>
    <property name="java.specification.name" value="Java Platform API Specification"/>
    <property name="FILE_LOG_CHARSET" value="windows-1252"/>
    <property name="java.awt.headless" value="true"/>
    <property name="surefire.real.class.path" value="C:\Users\DzOnZi\AppData\Local\Temp\surefire1108590813862422643\surefirebooter-20240104153647340_3.jar"/>
    <property name="user.script" value=""/>
    <property name="sun.management.compiler" value="HotSpot 64-Bit Tiered Compilers"/>
    <property name="java.runtime.version" value="17.0.7+7-LTS"/>
    <property name="user.name" value="DzOnZi"/>
    <property name="path.separator" value=";"/>
    <property name="os.version" value="10.0"/>
    <property name="java.runtime.name" value="OpenJDK Runtime Environment"/>
    <property name="file.encoding" value="Cp1252"/>
    <property name="java.vm.name" value="OpenJDK 64-Bit Server VM"/>
    <property name="java.vendor.version" value="Corretto-17.0.7.7.1"/>
    <property name="localRepository" value="C:\Users\DzOnZi\.m2\repository"/>
    <property name="java.vendor.url.bug" value="https://github.com/corretto/corretto-17/issues/"/>
    <property name="java.io.tmpdir" value="C:\Users\DzOnZi\AppData\Local\Temp\"/>
    <property name="idea.version" value="2023.1.2"/>
    <property name="com.zaxxer.hikari.pool_number" value="1"/>
    <property name="java.version" value="17.0.7"/>
    <property name="user.dir" value="C:\Users\DzOnZi\Desktop\Posganize.be"/>
    <property name="os.arch" value="amd64"/>
    <property name="java.vm.specification.name" value="Java Virtual Machine Specification"/>
    <property name="PID" value="12432"/>
    <property name="sun.os.patch.level" value=""/>
    <property name="CONSOLE_LOG_CHARSET" value="windows-1252"/>
    <property name="native.encoding" value="Cp1252"/>
    <property name="java.library.path" value="C:\Users\DzOnZi\.jdks\corretto-17.0.7\bin;C:\Windows\Sun\Java\bin;C:\Windows\system32;C:\Windows;C:\Program Files\Common Files\Oracle\Java\javapath;C:\Program Files (x86)\Common Files\Oracle\Java\javapath;C:\Windows\system32;C:\Windows;C:\Windows\System32\Wbem;C:\Windows\System32\WindowsPowerShell\v1.0\;C:\Windows\System32\OpenSSH\;C:\Program Files\Git\cmd;C:\Program Files\Docker\Docker\resources\bin;C:\Program Files\dotnet;C:\Program Files\Java\jdk-17\bin;C:\Program Files\MongoDB\Server\7.0\bin;C:\Program Files\nodejs\;C:\Users\DzOnZi\AppData\Local\Microsoft\WindowsApps;C:\Program Files\JetBrains\WebStorm 2023.1.2\bin;;C:\Program Files\JetBrains\IntelliJ IDEA 2023.1.2\bin;;C:\Users\DzOnZi\AppData\Local\Programs\Microsoft VS Code\bin;C:\Program Files\JetBrains\PhpStorm 2023.1.3\bin;;C:\Program Files\JetBrains\JetBrains Rider 2023.2.1\bin;;C:\Users\DzOnZi\.dotnet\tools;C:\Program Files\MongoDB\Server\7.0\bin;C:\Users\DzOnZi\AppData\Roaming\npm;C:\stripe;;."/>
    <property name="java.vm.info" value="mixed mode, sharing"/>
    <property name="java.vendor" value="Amazon.com Inc."/>
    <property name="java.vm.version" value="17.0.7+7-LTS"/>
    <property name="sun.io.unicode.encoding" value="UnicodeLittle"/>
    <property name="java.class.version" value="61.0"/>
  </properties>
  <testcase name="countUsersByTraining" classname="com.example.posganize.repository.TrainingRepositoryTest" time="0.915">
    <system-out><![CDATA[2024-01-04T15:37:48.895+01:00  INFO 12432 --- [           main] t.c.s.AnnotationConfigContextLoaderUtils : Could not detect default configuration classes for test class [com.example.posganize.repository.TrainingRepositoryTest]: TrainingRepositoryTest does not declare any static, non-private, non-final, nested classes annotated with @Configuration.
2024-01-04T15:37:48.935+01:00  INFO 12432 --- [           main] .b.t.c.SpringBootTestContextBootstrapper : Found @SpringBootConfiguration com.example.posganize.PosganizeApplication for test class com.example.posganize.repository.TrainingRepositoryTest
2024-01-04T15:37:48.959+01:00  INFO 12432 --- [           main] j.LocalContainerEntityManagerFactoryBean : Closing JPA EntityManagerFactory for persistence unit 'default'

  .   ____          _            __ _ _
 /\\ / ___'_ __ _ _(_)_ __  __ _ \ \ \ \
( ( )\___ | '_ | '_| | '_ \/ _` | \ \ \ \
 \\/  ___)| |_)| | | | | || (_| |  ) ) ) )
  '  |____| .__|_| |_|_| |_\__, | / / / /
 =========|_|==============|___/=/_/_/_/
 :: Spring Boot ::                (v3.1.3)

2024-01-04T15:37:49.063+01:00  INFO 12432 --- [           main] c.e.p.repository.TrainingRepositoryTest  : Starting TrainingRepositoryTest using Java 17.0.7 with PID 12432 (started by DzOnZi in C:\Users\DzOnZi\Desktop\Posganize.be)
2024-01-04T15:37:49.064+01:00  INFO 12432 --- [           main] c.e.p.repository.TrainingRepositoryTest  : No active profile set, falling back to 1 default profile: "default"
2024-01-04T15:37:49.238+01:00  INFO 12432 --- [           main] .s.d.r.c.RepositoryConfigurationDelegate : Bootstrapping Spring Data JPA repositories in DEFAULT mode.
2024-01-04T15:37:49.291+01:00  INFO 12432 --- [           main] .s.d.r.c.RepositoryConfigurationDelegate : Finished Spring Data repository scanning in 52 ms. Found 7 JPA repository interfaces.
2024-01-04T15:37:49.304+01:00  INFO 12432 --- [           main] beddedDataSourceBeanFactoryPostProcessor : Replacing 'dataSource' DataSource bean with embedded version
2024-01-04T15:37:49.319+01:00  INFO 12432 --- [           main] o.s.j.d.e.EmbeddedDatabaseFactory        : Starting embedded database: url='jdbc:h2:mem:4a6f5d91-6dc2-40d3-9c84-4d4d0add26f8;DB_CLOSE_DELAY=-1;DB_CLOSE_ON_EXIT=false', username='sa'
2024-01-04T15:37:49.363+01:00  INFO 12432 --- [           main] o.hibernate.jpa.internal.util.LogHelper  : HHH000204: Processing PersistenceUnitInfo [name: default]
2024-01-04T15:37:49.379+01:00  INFO 12432 --- [           main] o.h.b.i.BytecodeProviderInitiator        : HHH000021: Bytecode provider name : bytebuddy
2024-01-04T15:37:49.379+01:00  INFO 12432 --- [           main] o.s.o.j.p.SpringPersistenceUnitInfo      : No LoadTimeWeaver setup: ignoring JPA class transformer
2024-01-04T15:37:49.421+01:00  INFO 12432 --- [           main] o.hibernate.id.enhanced.TableGenerator   : HHH000398: Explicit segment value for id generator [hibernate_sequences.sequence_name] suggested; using default [default]
2024-01-04T15:37:49.422+01:00  INFO 12432 --- [           main] o.h.b.i.BytecodeProviderInitiator        : HHH000021: Bytecode provider name : bytebuddy
2024-01-04T15:37:49.565+01:00  INFO 12432 --- [           main] o.h.e.t.j.p.i.JtaPlatformInitiator       : HHH000490: Using JtaPlatform implementation: [org.hibernate.engine.transaction.jta.platform.internal.NoJtaPlatform]
Hibernate: 
    create table club_news (
        news_id bigint generated by default as identity,
        created_at timestamp(6),
        description varchar(100000),
        image varchar(255),
        name varchar(255),
        created_by bigint,
        primary key (news_id)
    )
Hibernate: 
    create table club_rules (
        rules_id bigint generated by default as identity,
        description varchar(10000),
        image varchar(255),
        name varchar(255),
        primary key (rules_id)
    )
Hibernate: 
    create table hibernate_sequences (
        sequence_name varchar(255) not null,
        next_val bigint,
        primary key (sequence_name)
    )
Hibernate: 
    insert into hibernate_sequences(sequence_name, next_val) values ('default',0)
Hibernate: 
    create table membership (
        membership_id bigint generated by default as identity,
        active boolean,
        expire_date timestamp(6) not null,
        price float(53) not null,
        start_date timestamp(6) not null,
        user_id bigint,
        primary key (membership_id)
    )
Hibernate: 
    create table membership_training (
        membership_id bigint not null,
        training_id bigint not null,
        primary key (membership_id, training_id)
    )
Hibernate: 
    create table qrcode (
        qrcode_id bigint generated by default as identity,
        active boolean not null,
        expire_date timestamp(6),
        qrcode_value varchar(255),
        start_date timestamp(6),
        user_id bigint,
        primary key (qrcode_id)
    )
Hibernate: 
    create table schedule (
        schedule_id bigint generated by default as identity,
        schedule_day varchar(255),
        schedule_name varchar(255),
        schedule_time varchar(255),
        training_id bigint,
        primary key (schedule_id)
    )
Hibernate: 
    create table token (
        id bigint not null,
        expired boolean not null,
        revoked boolean not null,
        token varchar(255),
        token_type_enum varchar(255) check (token_type_enum in ('BEARER')),
        user_id bigint,
        primary key (id)
    )
Hibernate: 
    create table training (
        training_id bigint generated by default as identity,
        currency varchar(255) check (currency in ('USD')),
        description varchar(100000),
        image varchar(255),
        name varchar(255),
        price float(53) not null,
        primary key (training_id)
    )
Hibernate: 
    create table users (
        user_id bigint generated by default as identity,
        email varchar(255) not null,
        first_name varchar(255) not null,
        image blob,
        last_name varchar(255) not null,
        password varchar(255) not null,
        phone_number varchar(255) not null,
        registration_date timestamp(6),
        role varchar(255) check (role in ('USER','ADMIN','MANAGER')),
        trail_training boolean,
        primary key (user_id)
    )
Hibernate: 
    alter table if exists qrcode 
       drop constraint if exists UK_nbel5ieiwhyhkprxelo5vx7gm
Hibernate: 
    alter table if exists qrcode 
       add constraint UK_nbel5ieiwhyhkprxelo5vx7gm unique (user_id)
Hibernate: 
    alter table if exists users 
       drop constraint if exists UK_6dotkott2kjsp8vw4d0m25fb7
Hibernate: 
    alter table if exists users 
       add constraint UK_6dotkott2kjsp8vw4d0m25fb7 unique (email)
Hibernate: 
    alter table if exists club_news 
       add constraint FKbtgsgl6gji5haywvt3npry1og 
       foreign key (created_by) 
       references users
Hibernate: 
    alter table if exists membership 
       add constraint FK7ccx5hs0p61m5wrwywf0q2cdv 
       foreign key (user_id) 
       references users
Hibernate: 
    alter table if exists membership_training 
       add constraint FKar8fc2l4017ncpjvi676vmxk2 
       foreign key (training_id) 
       references training
Hibernate: 
    alter table if exists membership_training 
       add constraint FKnq2jvhauovkvhxrv3alukmo4f 
       foreign key (membership_id) 
       references membership
Hibernate: 
    alter table if exists qrcode 
       add constraint FK9ihlsvgrbopxh0iugn71o3jgm 
       foreign key (user_id) 
       references users
Hibernate: 
    alter table if exists schedule 
       add constraint FKmgbt1qjunxgpokmfyrt76srok 
       foreign key (training_id) 
       references training
Hibernate: 
    alter table if exists token 
       add constraint FKj8rfw4x0wjjyibfqq566j4qng 
       foreign key (user_id) 
       references users
2024-01-04T15:37:49.587+01:00  INFO 12432 --- [           main] j.LocalContainerEntityManagerFactoryBean : Initialized JPA EntityManagerFactory for persistence unit 'default'
2024-01-04T15:37:49.776+01:00  INFO 12432 --- [           main] c.e.p.repository.TrainingRepositoryTest  : Started TrainingRepositoryTest in 0.801 seconds (process running for 61.666)
Hibernate: 
    insert 
    into
        training
        (currency,description,image,name,price,training_id) 
    values
        (?,?,?,?,?,default)
Hibernate: 
    insert 
    into
        users
        (email,first_name,image,last_name,password,phone_number,registration_date,role,trail_training,user_id) 
    values
        (?,?,?,?,?,?,?,?,?,default)
Hibernate: 
    insert 
    into
        users
        (email,first_name,image,last_name,password,phone_number,registration_date,role,trail_training,user_id) 
    values
        (?,?,?,?,?,?,?,?,?,default)
Hibernate: 
    insert 
    into
        membership
        (active,expire_date,price,start_date,user_id,membership_id) 
    values
        (?,?,?,?,?,default)
Hibernate: 
    insert 
    into
        membership
        (active,expire_date,price,start_date,user_id,membership_id) 
    values
        (?,?,?,?,?,default)
Hibernate: 
    insert 
    into
        membership_training
        (membership_id,training_id) 
    values
        (?,?)
Hibernate: 
    insert 
    into
        membership_training
        (membership_id,training_id) 
    values
        (?,?)
Hibernate: 
    SELECT
        t.name AS training,
        COUNT(u.user_id) AS numberOfMembers 
    FROM
        training t 
    JOIN
        membership_training mt 
            ON t.training_id = mt.training_id 
    JOIN
        membership m 
            ON mt.membership_id = m.membership_id 
    JOIN
        users u 
            ON m.user_id = u.user_id 
    WHERE
        m.start_date BETWEEN ? AND ? 
    GROUP BY
        t.name
[org.springframework.data.jpa.repository.query.AbstractJpaQuery$TupleConverter$TupleBackedMap@5bd5ed6]
]]></system-out>
  </testcase>
  <testcase name="countTrainingsBetweenDates" classname="com.example.posganize.repository.TrainingRepositoryTest" time="0.858">
    <system-out><![CDATA[2024-01-04T15:37:49.874+01:00  INFO 12432 --- [           main] j.LocalContainerEntityManagerFactoryBean : Closing JPA EntityManagerFactory for persistence unit 'default'

  .   ____          _            __ _ _
 /\\ / ___'_ __ _ _(_)_ __  __ _ \ \ \ \
( ( )\___ | '_ | '_| | '_ \/ _` | \ \ \ \
 \\/  ___)| |_)| | | | | || (_| |  ) ) ) )
  '  |____| .__|_| |_|_| |_\__, | / / / /
 =========|_|==============|___/=/_/_/_/
 :: Spring Boot ::                (v3.1.3)

2024-01-04T15:37:49.914+01:00  INFO 12432 --- [           main] c.e.p.repository.TrainingRepositoryTest  : Starting TrainingRepositoryTest using Java 17.0.7 with PID 12432 (started by DzOnZi in C:\Users\DzOnZi\Desktop\Posganize.be)
2024-01-04T15:37:49.915+01:00  INFO 12432 --- [           main] c.e.p.repository.TrainingRepositoryTest  : No active profile set, falling back to 1 default profile: "default"
2024-01-04T15:37:50.207+01:00  INFO 12432 --- [           main] .s.d.r.c.RepositoryConfigurationDelegate : Bootstrapping Spring Data JPA repositories in DEFAULT mode.
2024-01-04T15:37:50.271+01:00  INFO 12432 --- [           main] .s.d.r.c.RepositoryConfigurationDelegate : Finished Spring Data repository scanning in 63 ms. Found 7 JPA repository interfaces.
2024-01-04T15:37:50.281+01:00  INFO 12432 --- [           main] beddedDataSourceBeanFactoryPostProcessor : Replacing 'dataSource' DataSource bean with embedded version
2024-01-04T15:37:50.293+01:00  INFO 12432 --- [           main] o.s.j.d.e.EmbeddedDatabaseFactory        : Starting embedded database: url='jdbc:h2:mem:858e5910-4c49-4c7a-b752-8277f62418ef;DB_CLOSE_DELAY=-1;DB_CLOSE_ON_EXIT=false', username='sa'
2024-01-04T15:37:50.318+01:00  INFO 12432 --- [           main] o.hibernate.jpa.internal.util.LogHelper  : HHH000204: Processing PersistenceUnitInfo [name: default]
2024-01-04T15:37:50.333+01:00  INFO 12432 --- [           main] o.h.b.i.BytecodeProviderInitiator        : HHH000021: Bytecode provider name : bytebuddy
2024-01-04T15:37:50.334+01:00  INFO 12432 --- [           main] o.s.o.j.p.SpringPersistenceUnitInfo      : No LoadTimeWeaver setup: ignoring JPA class transformer
2024-01-04T15:37:50.376+01:00  INFO 12432 --- [           main] o.hibernate.id.enhanced.TableGenerator   : HHH000398: Explicit segment value for id generator [hibernate_sequences.sequence_name] suggested; using default [default]
2024-01-04T15:37:50.377+01:00  INFO 12432 --- [           main] o.h.b.i.BytecodeProviderInitiator        : HHH000021: Bytecode provider name : bytebuddy
2024-01-04T15:37:50.498+01:00  INFO 12432 --- [           main] o.h.e.t.j.p.i.JtaPlatformInitiator       : HHH000490: Using JtaPlatform implementation: [org.hibernate.engine.transaction.jta.platform.internal.NoJtaPlatform]
Hibernate: 
    create table club_news (
        news_id bigint generated by default as identity,
        created_at timestamp(6),
        description varchar(100000),
        image varchar(255),
        name varchar(255),
        created_by bigint,
        primary key (news_id)
    )
Hibernate: 
    create table club_rules (
        rules_id bigint generated by default as identity,
        description varchar(10000),
        image varchar(255),
        name varchar(255),
        primary key (rules_id)
    )
Hibernate: 
    create table hibernate_sequences (
        sequence_name varchar(255) not null,
        next_val bigint,
        primary key (sequence_name)
    )
Hibernate: 
    insert into hibernate_sequences(sequence_name, next_val) values ('default',0)
Hibernate: 
    create table membership (
        membership_id bigint generated by default as identity,
        active boolean,
        expire_date timestamp(6) not null,
        price float(53) not null,
        start_date timestamp(6) not null,
        user_id bigint,
        primary key (membership_id)
    )
Hibernate: 
    create table membership_training (
        membership_id bigint not null,
        training_id bigint not null,
        primary key (membership_id, training_id)
    )
Hibernate: 
    create table qrcode (
        qrcode_id bigint generated by default as identity,
        active boolean not null,
        expire_date timestamp(6),
        qrcode_value varchar(255),
        start_date timestamp(6),
        user_id bigint,
        primary key (qrcode_id)
    )
Hibernate: 
    create table schedule (
        schedule_id bigint generated by default as identity,
        schedule_day varchar(255),
        schedule_name varchar(255),
        schedule_time varchar(255),
        training_id bigint,
        primary key (schedule_id)
    )
Hibernate: 
    create table token (
        id bigint not null,
        expired boolean not null,
        revoked boolean not null,
        token varchar(255),
        token_type_enum varchar(255) check (token_type_enum in ('BEARER')),
        user_id bigint,
        primary key (id)
    )
Hibernate: 
    create table training (
        training_id bigint generated by default as identity,
        currency varchar(255) check (currency in ('USD')),
        description varchar(100000),
        image varchar(255),
        name varchar(255),
        price float(53) not null,
        primary key (training_id)
    )
Hibernate: 
    create table users (
        user_id bigint generated by default as identity,
        email varchar(255) not null,
        first_name varchar(255) not null,
        image blob,
        last_name varchar(255) not null,
        password varchar(255) not null,
        phone_number varchar(255) not null,
        registration_date timestamp(6),
        role varchar(255) check (role in ('USER','ADMIN','MANAGER')),
        trail_training boolean,
        primary key (user_id)
    )
Hibernate: 
    alter table if exists qrcode 
       drop constraint if exists UK_nbel5ieiwhyhkprxelo5vx7gm
Hibernate: 
    alter table if exists qrcode 
       add constraint UK_nbel5ieiwhyhkprxelo5vx7gm unique (user_id)
Hibernate: 
    alter table if exists users 
       drop constraint if exists UK_6dotkott2kjsp8vw4d0m25fb7
Hibernate: 
    alter table if exists users 
       add constraint UK_6dotkott2kjsp8vw4d0m25fb7 unique (email)
Hibernate: 
    alter table if exists club_news 
       add constraint FKbtgsgl6gji5haywvt3npry1og 
       foreign key (created_by) 
       references users
Hibernate: 
    alter table if exists membership 
       add constraint FK7ccx5hs0p61m5wrwywf0q2cdv 
       foreign key (user_id) 
       references users
Hibernate: 
    alter table if exists membership_training 
       add constraint FKar8fc2l4017ncpjvi676vmxk2 
       foreign key (training_id) 
       references training
Hibernate: 
    alter table if exists membership_training 
       add constraint FKnq2jvhauovkvhxrv3alukmo4f 
       foreign key (membership_id) 
       references membership
Hibernate: 
    alter table if exists qrcode 
       add constraint FK9ihlsvgrbopxh0iugn71o3jgm 
       foreign key (user_id) 
       references users
Hibernate: 
    alter table if exists schedule 
       add constraint FKmgbt1qjunxgpokmfyrt76srok 
       foreign key (training_id) 
       references training
Hibernate: 
    alter table if exists token 
       add constraint FKj8rfw4x0wjjyibfqq566j4qng 
       foreign key (user_id) 
       references users
2024-01-04T15:37:50.520+01:00  INFO 12432 --- [           main] j.LocalContainerEntityManagerFactoryBean : Initialized JPA EntityManagerFactory for persistence unit 'default'
2024-01-04T15:37:50.698+01:00  INFO 12432 --- [           main] c.e.p.repository.TrainingRepositoryTest  : Started TrainingRepositoryTest in 0.82 seconds (process running for 62.588)
Hibernate: 
    insert 
    into
        training
        (currency,description,image,name,price,training_id) 
    values
        (?,?,?,?,?,default)
Hibernate: 
    insert 
    into
        training
        (currency,description,image,name,price,training_id) 
    values
        (?,?,?,?,?,default)
Hibernate: 
    insert 
    into
        users
        (email,first_name,image,last_name,password,phone_number,registration_date,role,trail_training,user_id) 
    values
        (?,?,?,?,?,?,?,?,?,default)
Hibernate: 
    insert 
    into
        users
        (email,first_name,image,last_name,password,phone_number,registration_date,role,trail_training,user_id) 
    values
        (?,?,?,?,?,?,?,?,?,default)
Hibernate: 
    insert 
    into
        membership
        (active,expire_date,price,start_date,user_id,membership_id) 
    values
        (?,?,?,?,?,default)
Hibernate: 
    insert 
    into
        membership
        (active,expire_date,price,start_date,user_id,membership_id) 
    values
        (?,?,?,?,?,default)
Hibernate: 
    insert 
    into
        membership_training
        (membership_id,training_id) 
    values
        (?,?)
Hibernate: 
    insert 
    into
        membership_training
        (membership_id,training_id) 
    values
        (?,?)
Hibernate: 
    SELECT
        COUNT(DISTINCT mt.training_id) 
    FROM
        membership_training mt 
    JOIN
        membership m 
            ON mt.membership_id = m.membership_id 
    WHERE
        m.start_date BETWEEN ? AND ?
]]></system-out>
  </testcase>
  <testcase name="findTrainingNameWithMaxRevenueBetweenDates" classname="com.example.posganize.repository.TrainingRepositoryTest" time="0.67">
    <system-out><![CDATA[2024-01-04T15:37:50.734+01:00  INFO 12432 --- [           main] j.LocalContainerEntityManagerFactoryBean : Closing JPA EntityManagerFactory for persistence unit 'default'

  .   ____          _            __ _ _
 /\\ / ___'_ __ _ _(_)_ __  __ _ \ \ \ \
( ( )\___ | '_ | '_| | '_ \/ _` | \ \ \ \
 \\/  ___)| |_)| | | | | || (_| |  ) ) ) )
  '  |____| .__|_| |_|_| |_\__, | / / / /
 =========|_|==============|___/=/_/_/_/
 :: Spring Boot ::                (v3.1.3)

2024-01-04T15:37:50.773+01:00  INFO 12432 --- [           main] c.e.p.repository.TrainingRepositoryTest  : Starting TrainingRepositoryTest using Java 17.0.7 with PID 12432 (started by DzOnZi in C:\Users\DzOnZi\Desktop\Posganize.be)
2024-01-04T15:37:50.773+01:00  INFO 12432 --- [           main] c.e.p.repository.TrainingRepositoryTest  : No active profile set, falling back to 1 default profile: "default"
2024-01-04T15:37:50.901+01:00  INFO 12432 --- [           main] .s.d.r.c.RepositoryConfigurationDelegate : Bootstrapping Spring Data JPA repositories in DEFAULT mode.
2024-01-04T15:37:50.939+01:00  INFO 12432 --- [           main] .s.d.r.c.RepositoryConfigurationDelegate : Finished Spring Data repository scanning in 37 ms. Found 7 JPA repository interfaces.
2024-01-04T15:37:50.950+01:00  INFO 12432 --- [           main] beddedDataSourceBeanFactoryPostProcessor : Replacing 'dataSource' DataSource bean with embedded version
2024-01-04T15:37:50.966+01:00  INFO 12432 --- [           main] o.s.j.d.e.EmbeddedDatabaseFactory        : Starting embedded database: url='jdbc:h2:mem:f204afb6-0f4b-4cf1-a435-2cb9ca87e9f5;DB_CLOSE_DELAY=-1;DB_CLOSE_ON_EXIT=false', username='sa'
2024-01-04T15:37:50.994+01:00  INFO 12432 --- [           main] o.hibernate.jpa.internal.util.LogHelper  : HHH000204: Processing PersistenceUnitInfo [name: default]
2024-01-04T15:37:51.009+01:00  INFO 12432 --- [           main] o.h.b.i.BytecodeProviderInitiator        : HHH000021: Bytecode provider name : bytebuddy
2024-01-04T15:37:51.009+01:00  INFO 12432 --- [           main] o.s.o.j.p.SpringPersistenceUnitInfo      : No LoadTimeWeaver setup: ignoring JPA class transformer
2024-01-04T15:37:51.055+01:00  INFO 12432 --- [           main] o.hibernate.id.enhanced.TableGenerator   : HHH000398: Explicit segment value for id generator [hibernate_sequences.sequence_name] suggested; using default [default]
2024-01-04T15:37:51.057+01:00  INFO 12432 --- [           main] o.h.b.i.BytecodeProviderInitiator        : HHH000021: Bytecode provider name : bytebuddy
2024-01-04T15:37:51.167+01:00  INFO 12432 --- [           main] o.h.e.t.j.p.i.JtaPlatformInitiator       : HHH000490: Using JtaPlatform implementation: [org.hibernate.engine.transaction.jta.platform.internal.NoJtaPlatform]
Hibernate: 
    create table club_news (
        news_id bigint generated by default as identity,
        created_at timestamp(6),
        description varchar(100000),
        image varchar(255),
        name varchar(255),
        created_by bigint,
        primary key (news_id)
    )
Hibernate: 
    create table club_rules (
        rules_id bigint generated by default as identity,
        description varchar(10000),
        image varchar(255),
        name varchar(255),
        primary key (rules_id)
    )
Hibernate: 
    create table hibernate_sequences (
        sequence_name varchar(255) not null,
        next_val bigint,
        primary key (sequence_name)
    )
Hibernate: 
    insert into hibernate_sequences(sequence_name, next_val) values ('default',0)
Hibernate: 
    create table membership (
        membership_id bigint generated by default as identity,
        active boolean,
        expire_date timestamp(6) not null,
        price float(53) not null,
        start_date timestamp(6) not null,
        user_id bigint,
        primary key (membership_id)
    )
Hibernate: 
    create table membership_training (
        membership_id bigint not null,
        training_id bigint not null,
        primary key (membership_id, training_id)
    )
Hibernate: 
    create table qrcode (
        qrcode_id bigint generated by default as identity,
        active boolean not null,
        expire_date timestamp(6),
        qrcode_value varchar(255),
        start_date timestamp(6),
        user_id bigint,
        primary key (qrcode_id)
    )
Hibernate: 
    create table schedule (
        schedule_id bigint generated by default as identity,
        schedule_day varchar(255),
        schedule_name varchar(255),
        schedule_time varchar(255),
        training_id bigint,
        primary key (schedule_id)
    )
Hibernate: 
    create table token (
        id bigint not null,
        expired boolean not null,
        revoked boolean not null,
        token varchar(255),
        token_type_enum varchar(255) check (token_type_enum in ('BEARER')),
        user_id bigint,
        primary key (id)
    )
Hibernate: 
    create table training (
        training_id bigint generated by default as identity,
        currency varchar(255) check (currency in ('USD')),
        description varchar(100000),
        image varchar(255),
        name varchar(255),
        price float(53) not null,
        primary key (training_id)
    )
Hibernate: 
    create table users (
        user_id bigint generated by default as identity,
        email varchar(255) not null,
        first_name varchar(255) not null,
        image blob,
        last_name varchar(255) not null,
        password varchar(255) not null,
        phone_number varchar(255) not null,
        registration_date timestamp(6),
        role varchar(255) check (role in ('USER','ADMIN','MANAGER')),
        trail_training boolean,
        primary key (user_id)
    )
Hibernate: 
    alter table if exists qrcode 
       drop constraint if exists UK_nbel5ieiwhyhkprxelo5vx7gm
Hibernate: 
    alter table if exists qrcode 
       add constraint UK_nbel5ieiwhyhkprxelo5vx7gm unique (user_id)
Hibernate: 
    alter table if exists users 
       drop constraint if exists UK_6dotkott2kjsp8vw4d0m25fb7
Hibernate: 
    alter table if exists users 
       add constraint UK_6dotkott2kjsp8vw4d0m25fb7 unique (email)
Hibernate: 
    alter table if exists club_news 
       add constraint FKbtgsgl6gji5haywvt3npry1og 
       foreign key (created_by) 
       references users
Hibernate: 
    alter table if exists membership 
       add constraint FK7ccx5hs0p61m5wrwywf0q2cdv 
       foreign key (user_id) 
       references users
Hibernate: 
    alter table if exists membership_training 
       add constraint FKar8fc2l4017ncpjvi676vmxk2 
       foreign key (training_id) 
       references training
Hibernate: 
    alter table if exists membership_training 
       add constraint FKnq2jvhauovkvhxrv3alukmo4f 
       foreign key (membership_id) 
       references membership
Hibernate: 
    alter table if exists qrcode 
       add constraint FK9ihlsvgrbopxh0iugn71o3jgm 
       foreign key (user_id) 
       references users
Hibernate: 
    alter table if exists schedule 
       add constraint FKmgbt1qjunxgpokmfyrt76srok 
       foreign key (training_id) 
       references training
Hibernate: 
    alter table if exists token 
       add constraint FKj8rfw4x0wjjyibfqq566j4qng 
       foreign key (user_id) 
       references users
2024-01-04T15:37:51.184+01:00  INFO 12432 --- [           main] j.LocalContainerEntityManagerFactoryBean : Initialized JPA EntityManagerFactory for persistence unit 'default'
2024-01-04T15:37:51.369+01:00  INFO 12432 --- [           main] c.e.p.repository.TrainingRepositoryTest  : Started TrainingRepositoryTest in 0.63 seconds (process running for 63.258)
Hibernate: 
    insert 
    into
        training
        (currency,description,image,name,price,training_id) 
    values
        (?,?,?,?,?,default)
Hibernate: 
    insert 
    into
        training
        (currency,description,image,name,price,training_id) 
    values
        (?,?,?,?,?,default)
Hibernate: 
    insert 
    into
        users
        (email,first_name,image,last_name,password,phone_number,registration_date,role,trail_training,user_id) 
    values
        (?,?,?,?,?,?,?,?,?,default)
Hibernate: 
    insert 
    into
        users
        (email,first_name,image,last_name,password,phone_number,registration_date,role,trail_training,user_id) 
    values
        (?,?,?,?,?,?,?,?,?,default)
Hibernate: 
    insert 
    into
        users
        (email,first_name,image,last_name,password,phone_number,registration_date,role,trail_training,user_id) 
    values
        (?,?,?,?,?,?,?,?,?,default)
Hibernate: 
    insert 
    into
        membership
        (active,expire_date,price,start_date,user_id,membership_id) 
    values
        (?,?,?,?,?,default)
Hibernate: 
    insert 
    into
        membership
        (active,expire_date,price,start_date,user_id,membership_id) 
    values
        (?,?,?,?,?,default)
Hibernate: 
    insert 
    into
        membership
        (active,expire_date,price,start_date,user_id,membership_id) 
    values
        (?,?,?,?,?,default)
Hibernate: 
    insert 
    into
        membership_training
        (membership_id,training_id) 
    values
        (?,?)
Hibernate: 
    insert 
    into
        membership_training
        (membership_id,training_id) 
    values
        (?,?)
Hibernate: 
    insert 
    into
        membership_training
        (membership_id,training_id) 
    values
        (?,?)
Hibernate: 
    SELECT
        t.name 
    FROM
        training t 
    JOIN
        membership_training mt 
            ON t.training_id = mt.training_id 
    JOIN
        membership m 
            ON mt.membership_id = m.membership_id 
    WHERE
        m.start_date BETWEEN ? AND ? 
    GROUP BY
        t.training_id,
        t.name 
    ORDER BY
        SUM(t.price) DESC LIMIT 1
]]></system-out>
  </testcase>
  <testcase name="findAllSets" classname="com.example.posganize.repository.TrainingRepositoryTest" time="0.642">
    <system-out><![CDATA[2024-01-04T15:37:51.405+01:00  INFO 12432 --- [           main] j.LocalContainerEntityManagerFactoryBean : Closing JPA EntityManagerFactory for persistence unit 'default'

  .   ____          _            __ _ _
 /\\ / ___'_ __ _ _(_)_ __  __ _ \ \ \ \
( ( )\___ | '_ | '_| | '_ \/ _` | \ \ \ \
 \\/  ___)| |_)| | | | | || (_| |  ) ) ) )
  '  |____| .__|_| |_|_| |_\__, | / / / /
 =========|_|==============|___/=/_/_/_/
 :: Spring Boot ::                (v3.1.3)

2024-01-04T15:37:51.450+01:00  INFO 12432 --- [           main] c.e.p.repository.TrainingRepositoryTest  : Starting TrainingRepositoryTest using Java 17.0.7 with PID 12432 (started by DzOnZi in C:\Users\DzOnZi\Desktop\Posganize.be)
2024-01-04T15:37:51.450+01:00  INFO 12432 --- [           main] c.e.p.repository.TrainingRepositoryTest  : No active profile set, falling back to 1 default profile: "default"
2024-01-04T15:37:51.591+01:00  INFO 12432 --- [           main] .s.d.r.c.RepositoryConfigurationDelegate : Bootstrapping Spring Data JPA repositories in DEFAULT mode.
2024-01-04T15:37:51.631+01:00  INFO 12432 --- [           main] .s.d.r.c.RepositoryConfigurationDelegate : Finished Spring Data repository scanning in 39 ms. Found 7 JPA repository interfaces.
2024-01-04T15:37:51.640+01:00  INFO 12432 --- [           main] beddedDataSourceBeanFactoryPostProcessor : Replacing 'dataSource' DataSource bean with embedded version
2024-01-04T15:37:51.651+01:00  INFO 12432 --- [           main] o.s.j.d.e.EmbeddedDatabaseFactory        : Starting embedded database: url='jdbc:h2:mem:8ae1dcf8-c50f-4a5f-8822-2ca1fe9beca2;DB_CLOSE_DELAY=-1;DB_CLOSE_ON_EXIT=false', username='sa'
2024-01-04T15:37:51.674+01:00  INFO 12432 --- [           main] o.hibernate.jpa.internal.util.LogHelper  : HHH000204: Processing PersistenceUnitInfo [name: default]
2024-01-04T15:37:51.687+01:00  INFO 12432 --- [           main] o.h.b.i.BytecodeProviderInitiator        : HHH000021: Bytecode provider name : bytebuddy
2024-01-04T15:37:51.687+01:00  INFO 12432 --- [           main] o.s.o.j.p.SpringPersistenceUnitInfo      : No LoadTimeWeaver setup: ignoring JPA class transformer
2024-01-04T15:37:51.719+01:00  INFO 12432 --- [           main] o.hibernate.id.enhanced.TableGenerator   : HHH000398: Explicit segment value for id generator [hibernate_sequences.sequence_name] suggested; using default [default]
2024-01-04T15:37:51.721+01:00  INFO 12432 --- [           main] o.h.b.i.BytecodeProviderInitiator        : HHH000021: Bytecode provider name : bytebuddy
2024-01-04T15:37:51.849+01:00  INFO 12432 --- [           main] o.h.e.t.j.p.i.JtaPlatformInitiator       : HHH000490: Using JtaPlatform implementation: [org.hibernate.engine.transaction.jta.platform.internal.NoJtaPlatform]
Hibernate: 
    create table club_news (
        news_id bigint generated by default as identity,
        created_at timestamp(6),
        description varchar(100000),
        image varchar(255),
        name varchar(255),
        created_by bigint,
        primary key (news_id)
    )
Hibernate: 
    create table club_rules (
        rules_id bigint generated by default as identity,
        description varchar(10000),
        image varchar(255),
        name varchar(255),
        primary key (rules_id)
    )
Hibernate: 
    create table hibernate_sequences (
        sequence_name varchar(255) not null,
        next_val bigint,
        primary key (sequence_name)
    )
Hibernate: 
    insert into hibernate_sequences(sequence_name, next_val) values ('default',0)
Hibernate: 
    create table membership (
        membership_id bigint generated by default as identity,
        active boolean,
        expire_date timestamp(6) not null,
        price float(53) not null,
        start_date timestamp(6) not null,
        user_id bigint,
        primary key (membership_id)
    )
Hibernate: 
    create table membership_training (
        membership_id bigint not null,
        training_id bigint not null,
        primary key (membership_id, training_id)
    )
Hibernate: 
    create table qrcode (
        qrcode_id bigint generated by default as identity,
        active boolean not null,
        expire_date timestamp(6),
        qrcode_value varchar(255),
        start_date timestamp(6),
        user_id bigint,
        primary key (qrcode_id)
    )
Hibernate: 
    create table schedule (
        schedule_id bigint generated by default as identity,
        schedule_day varchar(255),
        schedule_name varchar(255),
        schedule_time varchar(255),
        training_id bigint,
        primary key (schedule_id)
    )
Hibernate: 
    create table token (
        id bigint not null,
        expired boolean not null,
        revoked boolean not null,
        token varchar(255),
        token_type_enum varchar(255) check (token_type_enum in ('BEARER')),
        user_id bigint,
        primary key (id)
    )
Hibernate: 
    create table training (
        training_id bigint generated by default as identity,
        currency varchar(255) check (currency in ('USD')),
        description varchar(100000),
        image varchar(255),
        name varchar(255),
        price float(53) not null,
        primary key (training_id)
    )
Hibernate: 
    create table users (
        user_id bigint generated by default as identity,
        email varchar(255) not null,
        first_name varchar(255) not null,
        image blob,
        last_name varchar(255) not null,
        password varchar(255) not null,
        phone_number varchar(255) not null,
        registration_date timestamp(6),
        role varchar(255) check (role in ('USER','ADMIN','MANAGER')),
        trail_training boolean,
        primary key (user_id)
    )
Hibernate: 
    alter table if exists qrcode 
       drop constraint if exists UK_nbel5ieiwhyhkprxelo5vx7gm
Hibernate: 
    alter table if exists qrcode 
       add constraint UK_nbel5ieiwhyhkprxelo5vx7gm unique (user_id)
Hibernate: 
    alter table if exists users 
       drop constraint if exists UK_6dotkott2kjsp8vw4d0m25fb7
Hibernate: 
    alter table if exists users 
       add constraint UK_6dotkott2kjsp8vw4d0m25fb7 unique (email)
Hibernate: 
    alter table if exists club_news 
       add constraint FKbtgsgl6gji5haywvt3npry1og 
       foreign key (created_by) 
       references users
Hibernate: 
    alter table if exists membership 
       add constraint FK7ccx5hs0p61m5wrwywf0q2cdv 
       foreign key (user_id) 
       references users
Hibernate: 
    alter table if exists membership_training 
       add constraint FKar8fc2l4017ncpjvi676vmxk2 
       foreign key (training_id) 
       references training
Hibernate: 
    alter table if exists membership_training 
       add constraint FKnq2jvhauovkvhxrv3alukmo4f 
       foreign key (membership_id) 
       references membership
Hibernate: 
    alter table if exists qrcode 
       add constraint FK9ihlsvgrbopxh0iugn71o3jgm 
       foreign key (user_id) 
       references users
Hibernate: 
    alter table if exists schedule 
       add constraint FKmgbt1qjunxgpokmfyrt76srok 
       foreign key (training_id) 
       references training
Hibernate: 
    alter table if exists token 
       add constraint FKj8rfw4x0wjjyibfqq566j4qng 
       foreign key (user_id) 
       references users
2024-01-04T15:37:51.867+01:00  INFO 12432 --- [           main] j.LocalContainerEntityManagerFactoryBean : Initialized JPA EntityManagerFactory for persistence unit 'default'
2024-01-04T15:37:52.024+01:00  INFO 12432 --- [           main] c.e.p.repository.TrainingRepositoryTest  : Started TrainingRepositoryTest in 0.611 seconds (process running for 63.914)
Hibernate: 
    insert 
    into
        training
        (currency,description,image,name,price,training_id) 
    values
        (?,?,?,?,?,default)
Hibernate: 
    insert 
    into
        training
        (currency,description,image,name,price,training_id) 
    values
        (?,?,?,?,?,default)
Hibernate: 
    SELECT
        * 
    FROM
        training
]]></system-out>
  </testcase>
</testsuite>